2025-07-14 00:36:37 [cluster-ClusterId{value='6870fd13cb1616c59a9a2741', description='Yt'}-yt-shard-00-01.hjupq.mongodb.net:27017] INFO  org.mongodb.driver.cluster - Exception in monitor thread while connecting to server yt-shard-00-01.hjupq.mongodb.net:27017
com.mongodb.MongoSocketReadException: Exception receiving message
	at com.mongodb.internal.connection.InternalStreamConnection.translateReadException(InternalStreamConnection.java:809)
	at com.mongodb.internal.connection.InternalStreamConnection.receiveResponseBuffers(InternalStreamConnection.java:857)
	at com.mongodb.internal.connection.InternalStreamConnection.receiveCommandMessageResponse(InternalStreamConnection.java:517)
	at com.mongodb.internal.connection.InternalStreamConnection.receive(InternalStreamConnection.java:469)
	at com.mongodb.internal.connection.DefaultServerMonitor$ServerMonitor.lookupServerDescription(DefaultServerMonitor.java:249)
	at com.mongodb.internal.connection.DefaultServerMonitor$ServerMonitor.run(DefaultServerMonitor.java:176)
Caused by: java.net.SocketException: Connection reset
	at java.base/sun.nio.ch.NioSocketImpl.implRead(NioSocketImpl.java:318)
	at java.base/sun.nio.ch.NioSocketImpl.read(NioSocketImpl.java:346)
	at java.base/sun.nio.ch.NioSocketImpl$1.read(NioSocketImpl.java:796)
	at java.base/java.net.Socket$SocketInputStream.read(Socket.java:1099)
	at java.base/sun.security.ssl.SSLSocketInputRecord.read(SSLSocketInputRecord.java:489)
	at java.base/sun.security.ssl.SSLSocketInputRecord.readHeader(SSLSocketInputRecord.java:483)
	at java.base/sun.security.ssl.SSLSocketInputRecord.bytesInCompletePacket(SSLSocketInputRecord.java:70)
	at java.base/sun.security.ssl.SSLSocketImpl.readApplicationRecord(SSLSocketImpl.java:1461)
	at java.base/sun.security.ssl.SSLSocketImpl$AppInputStream.read(SSLSocketImpl.java:1066)
	at com.mongodb.internal.connection.SocketStream.read(SocketStream.java:182)
	at com.mongodb.internal.connection.InternalStreamConnection.receiveResponseBuffers(InternalStreamConnection.java:824)
	... 4 common frames omitted
2025-07-14 00:36:37 [cluster-ClusterId{value='6870fd13cb1616c59a9a2741', description='Yt'}-yt-shard-00-00.hjupq.mongodb.net:27017] INFO  org.mongodb.driver.cluster - Exception in monitor thread while connecting to server yt-shard-00-00.hjupq.mongodb.net:27017
com.mongodb.MongoSocketReadException: Exception receiving message
	at com.mongodb.internal.connection.InternalStreamConnection.translateReadException(InternalStreamConnection.java:809)
	at com.mongodb.internal.connection.InternalStreamConnection.receiveResponseBuffers(InternalStreamConnection.java:857)
	at com.mongodb.internal.connection.InternalStreamConnection.receiveCommandMessageResponse(InternalStreamConnection.java:517)
	at com.mongodb.internal.connection.InternalStreamConnection.receive(InternalStreamConnection.java:469)
	at com.mongodb.internal.connection.DefaultServerMonitor$ServerMonitor.lookupServerDescription(DefaultServerMonitor.java:249)
	at com.mongodb.internal.connection.DefaultServerMonitor$ServerMonitor.run(DefaultServerMonitor.java:176)
Caused by: java.net.SocketException: Connection reset
	at java.base/sun.nio.ch.NioSocketImpl.implRead(NioSocketImpl.java:318)
	at java.base/sun.nio.ch.NioSocketImpl.read(NioSocketImpl.java:346)
	at java.base/sun.nio.ch.NioSocketImpl$1.read(NioSocketImpl.java:796)
	at java.base/java.net.Socket$SocketInputStream.read(Socket.java:1099)
	at java.base/sun.security.ssl.SSLSocketInputRecord.read(SSLSocketInputRecord.java:489)
	at java.base/sun.security.ssl.SSLSocketInputRecord.readHeader(SSLSocketInputRecord.java:483)
	at java.base/sun.security.ssl.SSLSocketInputRecord.bytesInCompletePacket(SSLSocketInputRecord.java:70)
	at java.base/sun.security.ssl.SSLSocketImpl.readApplicationRecord(SSLSocketImpl.java:1461)
	at java.base/sun.security.ssl.SSLSocketImpl$AppInputStream.read(SSLSocketImpl.java:1066)
	at com.mongodb.internal.connection.SocketStream.read(SocketStream.java:182)
	at com.mongodb.internal.connection.InternalStreamConnection.receiveResponseBuffers(InternalStreamConnection.java:824)
	... 4 common frames omitted
2025-07-14 00:36:37 [cluster-ClusterId{value='6870fd13cb1616c59a9a2741', description='Yt'}-yt-shard-00-02.hjupq.mongodb.net:27017] INFO  org.mongodb.driver.cluster - Exception in monitor thread while connecting to server yt-shard-00-02.hjupq.mongodb.net:27017
com.mongodb.MongoSocketReadException: Exception receiving message
	at com.mongodb.internal.connection.InternalStreamConnection.translateReadException(InternalStreamConnection.java:809)
	at com.mongodb.internal.connection.InternalStreamConnection.receiveResponseBuffers(InternalStreamConnection.java:857)
	at com.mongodb.internal.connection.InternalStreamConnection.receiveCommandMessageResponse(InternalStreamConnection.java:517)
	at com.mongodb.internal.connection.InternalStreamConnection.receive(InternalStreamConnection.java:469)
	at com.mongodb.internal.connection.DefaultServerMonitor$ServerMonitor.lookupServerDescription(DefaultServerMonitor.java:249)
	at com.mongodb.internal.connection.DefaultServerMonitor$ServerMonitor.run(DefaultServerMonitor.java:176)
Caused by: java.net.SocketException: Connection reset
	at java.base/sun.nio.ch.NioSocketImpl.implRead(NioSocketImpl.java:318)
	at java.base/sun.nio.ch.NioSocketImpl.read(NioSocketImpl.java:346)
	at java.base/sun.nio.ch.NioSocketImpl$1.read(NioSocketImpl.java:796)
	at java.base/java.net.Socket$SocketInputStream.read(Socket.java:1099)
	at java.base/sun.security.ssl.SSLSocketInputRecord.read(SSLSocketInputRecord.java:489)
	at java.base/sun.security.ssl.SSLSocketInputRecord.readHeader(SSLSocketInputRecord.java:483)
	at java.base/sun.security.ssl.SSLSocketInputRecord.bytesInCompletePacket(SSLSocketInputRecord.java:70)
	at java.base/sun.security.ssl.SSLSocketImpl.readApplicationRecord(SSLSocketImpl.java:1461)
	at java.base/sun.security.ssl.SSLSocketImpl$AppInputStream.read(SSLSocketImpl.java:1066)
	at com.mongodb.internal.connection.SocketStream.read(SocketStream.java:182)
	at com.mongodb.internal.connection.InternalStreamConnection.receiveResponseBuffers(InternalStreamConnection.java:824)
	... 4 common frames omitted
2025-07-14 00:36:39 [cluster-ClusterId{value='6870fd13cb1616c59a9a2741', description='Yt'}-yt-shard-00-01.hjupq.mongodb.net:27017] INFO  org.mongodb.driver.cluster - Exception in monitor thread while connecting to server yt-shard-00-01.hjupq.mongodb.net:27017
com.mongodb.MongoSocketException: No such host is known (yt-shard-00-01.hjupq.mongodb.net)
	at com.mongodb.internal.connection.ServerAddressHelper.getSocketAddresses(ServerAddressHelper.java:75)
	at com.mongodb.internal.connection.SocketStream.initializeSocket(SocketStream.java:100)
	at com.mongodb.internal.connection.SocketStream.open(SocketStream.java:79)
	at com.mongodb.internal.connection.InternalStreamConnection.open(InternalStreamConnection.java:233)
	at com.mongodb.internal.connection.DefaultServerMonitor$ServerMonitor.lookupServerDescription(DefaultServerMonitor.java:219)
	at com.mongodb.internal.connection.DefaultServerMonitor$ServerMonitor.run(DefaultServerMonitor.java:176)
Caused by: java.net.UnknownHostException: No such host is known (yt-shard-00-01.hjupq.mongodb.net)
	at java.base/java.net.Inet6AddressImpl.lookupAllHostAddr(Native Method)
	at java.base/java.net.Inet6AddressImpl.lookupAllHostAddr(Inet6AddressImpl.java:52)
	at java.base/java.net.InetAddress$PlatformResolver.lookupByName(InetAddress.java:1211)
	at java.base/java.net.InetAddress.getAddressesFromNameService(InetAddress.java:1828)
	at java.base/java.net.InetAddress$NameServiceAddresses.get(InetAddress.java:1139)
	at java.base/java.net.InetAddress.getAllByName0(InetAddress.java:1818)
	at java.base/java.net.InetAddress.getAllByName(InetAddress.java:1688)
	at com.mongodb.internal.connection.DefaultInetAddressResolver.lookupByName(DefaultInetAddressResolver.java:34)
	at com.mongodb.internal.connection.ServerAddressHelper.getSocketAddresses(ServerAddressHelper.java:71)
	... 5 common frames omitted
2025-07-14 00:36:40 [cluster-ClusterId{value='6870fd13cb1616c59a9a2741', description='Yt'}-yt-shard-00-00.hjupq.mongodb.net:27017] INFO  org.mongodb.driver.cluster - Monitor thread successfully connected to server with description ServerDescription{address=yt-shard-00-00.hjupq.mongodb.net:27017, type=REPLICA_SET_SECONDARY, cryptd=false, state=CONNECTED, ok=true, minWireVersion=0, maxWireVersion=25, maxDocumentSize=16777216, logicalSessionTimeoutMinutes=30, roundTripTimeNanos=815142500, minRoundTripTimeNanos=0, setName='atlas-8nodsv-shard-0', canonicalAddress=yt-shard-00-00.hjupq.mongodb.net:27017, hosts=[yt-shard-00-01.hjupq.mongodb.net:27017, yt-shard-00-00.hjupq.mongodb.net:27017, yt-shard-00-02.hjupq.mongodb.net:27017], passives=[], arbiters=[], primary='yt-shard-00-01.hjupq.mongodb.net:27017', tagSet=TagSet{[Tag{name='availabilityZone', value='euw1-az2'}, Tag{name='diskState', value='READY'}, Tag{name='nodeType', value='ELECTABLE'}, Tag{name='provider', value='AWS'}, Tag{name='region', value='EU_WEST_1'}, Tag{name='workloadType', value='OPERATIONAL'}]}, electionId=null, setVersion=60, topologyVersion=TopologyVersion{processId=687158792be4f42efe3d335c, counter=4}, lastWriteDate=Mon Jul 14 00:36:41 IST 2025, lastUpdateTimeNanos=390605191966700}
2025-07-14 00:36:40 [cluster-ClusterId{value='6870fd13cb1616c59a9a2741', description='Yt'}-yt-shard-00-02.hjupq.mongodb.net:27017] INFO  org.mongodb.driver.cluster - Monitor thread successfully connected to server with description ServerDescription{address=yt-shard-00-02.hjupq.mongodb.net:27017, type=REPLICA_SET_SECONDARY, cryptd=false, state=CONNECTED, ok=true, minWireVersion=0, maxWireVersion=25, maxDocumentSize=16777216, logicalSessionTimeoutMinutes=30, roundTripTimeNanos=990726400, minRoundTripTimeNanos=0, setName='atlas-8nodsv-shard-0', canonicalAddress=yt-shard-00-02.hjupq.mongodb.net:27017, hosts=[yt-shard-00-01.hjupq.mongodb.net:27017, yt-shard-00-00.hjupq.mongodb.net:27017, yt-shard-00-02.hjupq.mongodb.net:27017], passives=[], arbiters=[], primary='yt-shard-00-01.hjupq.mongodb.net:27017', tagSet=TagSet{[Tag{name='availabilityZone', value='euw1-az1'}, Tag{name='diskState', value='READY'}, Tag{name='nodeType', value='ELECTABLE'}, Tag{name='provider', value='AWS'}, Tag{name='region', value='EU_WEST_1'}, Tag{name='workloadType', value='OPERATIONAL'}]}, electionId=null, setVersion=60, topologyVersion=TopologyVersion{processId=687158ec029854e0636cade5, counter=3}, lastWriteDate=Mon Jul 14 00:36:41 IST 2025, lastUpdateTimeNanos=390605420847400}
2025-07-14 00:36:49 [cluster-ClusterId{value='6870fd13cb1616c59a9a2741', description='Yt'}-yt-shard-00-01.hjupq.mongodb.net:27017] INFO  org.mongodb.driver.cluster - Monitor thread successfully connected to server with description ServerDescription{address=yt-shard-00-01.hjupq.mongodb.net:27017, type=REPLICA_SET_PRIMARY, cryptd=false, state=CONNECTED, ok=true, minWireVersion=0, maxWireVersion=25, maxDocumentSize=16777216, logicalSessionTimeoutMinutes=30, roundTripTimeNanos=462895200, minRoundTripTimeNanos=0, setName='atlas-8nodsv-shard-0', canonicalAddress=yt-shard-00-01.hjupq.mongodb.net:27017, hosts=[yt-shard-00-01.hjupq.mongodb.net:27017, yt-shard-00-00.hjupq.mongodb.net:27017, yt-shard-00-02.hjupq.mongodb.net:27017], passives=[], arbiters=[], primary='yt-shard-00-01.hjupq.mongodb.net:27017', tagSet=TagSet{[Tag{name='availabilityZone', value='euw1-az3'}, Tag{name='diskState', value='READY'}, Tag{name='nodeType', value='ELECTABLE'}, Tag{name='provider', value='AWS'}, Tag{name='region', value='EU_WEST_1'}, Tag{name='workloadType', value='OPERATIONAL'}]}, electionId=7fffffff000000000000011d, setVersion=60, topologyVersion=TopologyVersion{processId=687158b3442a85e6aa97393d, counter=6}, lastWriteDate=Mon Jul 14 00:36:50 IST 2025, lastUpdateTimeNanos=390614439118100}
2025-07-14 00:36:49 [cluster-ClusterId{value='6870fd13cb1616c59a9a2741', description='Yt'}-yt-shard-00-01.hjupq.mongodb.net:27017] INFO  org.mongodb.driver.cluster - Discovered replica set primary yt-shard-00-01.hjupq.mongodb.net:27017 with max election id 7fffffff000000000000011d and max set version 60
2025-07-14 04:45:04 [cluster-ClusterId{value='6870fd13cb1616c59a9a2741', description='Yt'}-yt-shard-00-02.hjupq.mongodb.net:27017] INFO  org.mongodb.driver.cluster - Exception in monitor thread while connecting to server yt-shard-00-02.hjupq.mongodb.net:27017
com.mongodb.MongoSocketReadException: Exception receiving message
	at com.mongodb.internal.connection.InternalStreamConnection.translateReadException(InternalStreamConnection.java:809)
	at com.mongodb.internal.connection.InternalStreamConnection.receiveResponseBuffers(InternalStreamConnection.java:857)
	at com.mongodb.internal.connection.InternalStreamConnection.receiveCommandMessageResponse(InternalStreamConnection.java:517)
	at com.mongodb.internal.connection.InternalStreamConnection.receive(InternalStreamConnection.java:469)
	at com.mongodb.internal.connection.DefaultServerMonitor$ServerMonitor.lookupServerDescription(DefaultServerMonitor.java:249)
	at com.mongodb.internal.connection.DefaultServerMonitor$ServerMonitor.run(DefaultServerMonitor.java:176)
Caused by: java.net.SocketException: Connection reset
	at java.base/sun.nio.ch.NioSocketImpl.implRead(NioSocketImpl.java:318)
	at java.base/sun.nio.ch.NioSocketImpl.read(NioSocketImpl.java:346)
	at java.base/sun.nio.ch.NioSocketImpl$1.read(NioSocketImpl.java:796)
	at java.base/java.net.Socket$SocketInputStream.read(Socket.java:1099)
	at java.base/sun.security.ssl.SSLSocketInputRecord.read(SSLSocketInputRecord.java:489)
	at java.base/sun.security.ssl.SSLSocketInputRecord.readHeader(SSLSocketInputRecord.java:483)
	at java.base/sun.security.ssl.SSLSocketInputRecord.bytesInCompletePacket(SSLSocketInputRecord.java:70)
	at java.base/sun.security.ssl.SSLSocketImpl.readApplicationRecord(SSLSocketImpl.java:1461)
	at java.base/sun.security.ssl.SSLSocketImpl$AppInputStream.read(SSLSocketImpl.java:1066)
	at com.mongodb.internal.connection.SocketStream.read(SocketStream.java:182)
	at com.mongodb.internal.connection.InternalStreamConnection.receiveResponseBuffers(InternalStreamConnection.java:824)
	... 4 common frames omitted
2025-07-14 04:45:04 [cluster-ClusterId{value='6870fd13cb1616c59a9a2741', description='Yt'}-yt-shard-00-00.hjupq.mongodb.net:27017] INFO  org.mongodb.driver.cluster - Exception in monitor thread while connecting to server yt-shard-00-00.hjupq.mongodb.net:27017
com.mongodb.MongoSocketReadException: Exception receiving message
	at com.mongodb.internal.connection.InternalStreamConnection.translateReadException(InternalStreamConnection.java:809)
	at com.mongodb.internal.connection.InternalStreamConnection.receiveResponseBuffers(InternalStreamConnection.java:857)
	at com.mongodb.internal.connection.InternalStreamConnection.receiveCommandMessageResponse(InternalStreamConnection.java:517)
	at com.mongodb.internal.connection.InternalStreamConnection.receive(InternalStreamConnection.java:469)
	at com.mongodb.internal.connection.DefaultServerMonitor$ServerMonitor.lookupServerDescription(DefaultServerMonitor.java:249)
	at com.mongodb.internal.connection.DefaultServerMonitor$ServerMonitor.run(DefaultServerMonitor.java:176)
Caused by: java.net.SocketException: Connection reset
	at java.base/sun.nio.ch.NioSocketImpl.implRead(NioSocketImpl.java:318)
	at java.base/sun.nio.ch.NioSocketImpl.read(NioSocketImpl.java:346)
	at java.base/sun.nio.ch.NioSocketImpl$1.read(NioSocketImpl.java:796)
	at java.base/java.net.Socket$SocketInputStream.read(Socket.java:1099)
	at java.base/sun.security.ssl.SSLSocketInputRecord.read(SSLSocketInputRecord.java:489)
	at java.base/sun.security.ssl.SSLSocketInputRecord.readHeader(SSLSocketInputRecord.java:483)
	at java.base/sun.security.ssl.SSLSocketInputRecord.bytesInCompletePacket(SSLSocketInputRecord.java:70)
	at java.base/sun.security.ssl.SSLSocketImpl.readApplicationRecord(SSLSocketImpl.java:1461)
	at java.base/sun.security.ssl.SSLSocketImpl$AppInputStream.read(SSLSocketImpl.java:1066)
	at com.mongodb.internal.connection.SocketStream.read(SocketStream.java:182)
	at com.mongodb.internal.connection.InternalStreamConnection.receiveResponseBuffers(InternalStreamConnection.java:824)
	... 4 common frames omitted
2025-07-14 04:45:04 [cluster-ClusterId{value='6870fd13cb1616c59a9a2741', description='Yt'}-yt-shard-00-01.hjupq.mongodb.net:27017] INFO  org.mongodb.driver.cluster - Exception in monitor thread while connecting to server yt-shard-00-01.hjupq.mongodb.net:27017
com.mongodb.MongoSocketReadException: Exception receiving message
	at com.mongodb.internal.connection.InternalStreamConnection.translateReadException(InternalStreamConnection.java:809)
	at com.mongodb.internal.connection.InternalStreamConnection.receiveResponseBuffers(InternalStreamConnection.java:857)
	at com.mongodb.internal.connection.InternalStreamConnection.receiveCommandMessageResponse(InternalStreamConnection.java:517)
	at com.mongodb.internal.connection.InternalStreamConnection.receive(InternalStreamConnection.java:469)
	at com.mongodb.internal.connection.DefaultServerMonitor$ServerMonitor.lookupServerDescription(DefaultServerMonitor.java:249)
	at com.mongodb.internal.connection.DefaultServerMonitor$ServerMonitor.run(DefaultServerMonitor.java:176)
Caused by: java.net.SocketException: Connection reset
	at java.base/sun.nio.ch.NioSocketImpl.implRead(NioSocketImpl.java:318)
	at java.base/sun.nio.ch.NioSocketImpl.read(NioSocketImpl.java:346)
	at java.base/sun.nio.ch.NioSocketImpl$1.read(NioSocketImpl.java:796)
	at java.base/java.net.Socket$SocketInputStream.read(Socket.java:1099)
	at java.base/sun.security.ssl.SSLSocketInputRecord.read(SSLSocketInputRecord.java:489)
	at java.base/sun.security.ssl.SSLSocketInputRecord.readHeader(SSLSocketInputRecord.java:483)
	at java.base/sun.security.ssl.SSLSocketInputRecord.bytesInCompletePacket(SSLSocketInputRecord.java:70)
	at java.base/sun.security.ssl.SSLSocketImpl.readApplicationRecord(SSLSocketImpl.java:1461)
	at java.base/sun.security.ssl.SSLSocketImpl$AppInputStream.read(SSLSocketImpl.java:1066)
	at com.mongodb.internal.connection.SocketStream.read(SocketStream.java:182)
	at com.mongodb.internal.connection.InternalStreamConnection.receiveResponseBuffers(InternalStreamConnection.java:824)
	... 4 common frames omitted
2025-07-14 04:45:04 [cluster-ClusterId{value='6870fd13cb1616c59a9a2741', description='Yt'}-yt-shard-00-02.hjupq.mongodb.net:27017] INFO  org.mongodb.driver.cluster - Exception in monitor thread while connecting to server yt-shard-00-02.hjupq.mongodb.net:27017
com.mongodb.MongoSocketException: No such host is known (yt-shard-00-02.hjupq.mongodb.net)
	at com.mongodb.internal.connection.ServerAddressHelper.getSocketAddresses(ServerAddressHelper.java:75)
	at com.mongodb.internal.connection.SocketStream.initializeSocket(SocketStream.java:100)
	at com.mongodb.internal.connection.SocketStream.open(SocketStream.java:79)
	at com.mongodb.internal.connection.InternalStreamConnection.open(InternalStreamConnection.java:233)
	at com.mongodb.internal.connection.DefaultServerMonitor$ServerMonitor.lookupServerDescription(DefaultServerMonitor.java:219)
	at com.mongodb.internal.connection.DefaultServerMonitor$ServerMonitor.run(DefaultServerMonitor.java:176)
Caused by: java.net.UnknownHostException: No such host is known (yt-shard-00-02.hjupq.mongodb.net)
	at java.base/java.net.Inet6AddressImpl.lookupAllHostAddr(Native Method)
	at java.base/java.net.Inet6AddressImpl.lookupAllHostAddr(Inet6AddressImpl.java:52)
	at java.base/java.net.InetAddress$PlatformResolver.lookupByName(InetAddress.java:1211)
	at java.base/java.net.InetAddress.getAddressesFromNameService(InetAddress.java:1828)
	at java.base/java.net.InetAddress$NameServiceAddresses.get(InetAddress.java:1139)
	at java.base/java.net.InetAddress.getAllByName0(InetAddress.java:1818)
	at java.base/java.net.InetAddress.getAllByName(InetAddress.java:1688)
	at com.mongodb.internal.connection.DefaultInetAddressResolver.lookupByName(DefaultInetAddressResolver.java:34)
	at com.mongodb.internal.connection.ServerAddressHelper.getSocketAddresses(ServerAddressHelper.java:71)
	... 5 common frames omitted
2025-07-14 04:45:05 [cluster-ClusterId{value='6870fd13cb1616c59a9a2741', description='Yt'}-yt-shard-00-01.hjupq.mongodb.net:27017] INFO  org.mongodb.driver.cluster - Exception in monitor thread while connecting to server yt-shard-00-01.hjupq.mongodb.net:27017
com.mongodb.MongoSocketException: No such host is known (yt-shard-00-01.hjupq.mongodb.net)
	at com.mongodb.internal.connection.ServerAddressHelper.getSocketAddresses(ServerAddressHelper.java:75)
	at com.mongodb.internal.connection.SocketStream.initializeSocket(SocketStream.java:100)
	at com.mongodb.internal.connection.SocketStream.open(SocketStream.java:79)
	at com.mongodb.internal.connection.InternalStreamConnection.open(InternalStreamConnection.java:233)
	at com.mongodb.internal.connection.DefaultServerMonitor$ServerMonitor.lookupServerDescription(DefaultServerMonitor.java:219)
	at com.mongodb.internal.connection.DefaultServerMonitor$ServerMonitor.run(DefaultServerMonitor.java:176)
Caused by: java.net.UnknownHostException: No such host is known (yt-shard-00-01.hjupq.mongodb.net)
	at java.base/java.net.Inet6AddressImpl.lookupAllHostAddr(Native Method)
	at java.base/java.net.Inet6AddressImpl.lookupAllHostAddr(Inet6AddressImpl.java:52)
	at java.base/java.net.InetAddress$PlatformResolver.lookupByName(InetAddress.java:1211)
	at java.base/java.net.InetAddress.getAddressesFromNameService(InetAddress.java:1828)
	at java.base/java.net.InetAddress$NameServiceAddresses.get(InetAddress.java:1139)
	at java.base/java.net.InetAddress.getAllByName0(InetAddress.java:1818)
	at java.base/java.net.InetAddress.getAllByName(InetAddress.java:1688)
	at com.mongodb.internal.connection.DefaultInetAddressResolver.lookupByName(DefaultInetAddressResolver.java:34)
	at com.mongodb.internal.connection.ServerAddressHelper.getSocketAddresses(ServerAddressHelper.java:71)
	... 5 common frames omitted
2025-07-14 04:45:05 [cluster-ClusterId{value='6870fd13cb1616c59a9a2741', description='Yt'}-yt-shard-00-00.hjupq.mongodb.net:27017] INFO  org.mongodb.driver.cluster - Exception in monitor thread while connecting to server yt-shard-00-00.hjupq.mongodb.net:27017
com.mongodb.MongoSocketException: No such host is known (yt-shard-00-00.hjupq.mongodb.net)
	at com.mongodb.internal.connection.ServerAddressHelper.getSocketAddresses(ServerAddressHelper.java:75)
	at com.mongodb.internal.connection.SocketStream.initializeSocket(SocketStream.java:100)
	at com.mongodb.internal.connection.SocketStream.open(SocketStream.java:79)
	at com.mongodb.internal.connection.InternalStreamConnection.open(InternalStreamConnection.java:233)
	at com.mongodb.internal.connection.DefaultServerMonitor$ServerMonitor.lookupServerDescription(DefaultServerMonitor.java:219)
	at com.mongodb.internal.connection.DefaultServerMonitor$ServerMonitor.run(DefaultServerMonitor.java:176)
Caused by: java.net.UnknownHostException: No such host is known (yt-shard-00-00.hjupq.mongodb.net)
	at java.base/java.net.Inet6AddressImpl.lookupAllHostAddr(Native Method)
	at java.base/java.net.Inet6AddressImpl.lookupAllHostAddr(Inet6AddressImpl.java:52)
	at java.base/java.net.InetAddress$PlatformResolver.lookupByName(InetAddress.java:1211)
	at java.base/java.net.InetAddress.getAddressesFromNameService(InetAddress.java:1828)
	at java.base/java.net.InetAddress$NameServiceAddresses.get(InetAddress.java:1139)
	at java.base/java.net.InetAddress.getAllByName0(InetAddress.java:1818)
	at java.base/java.net.InetAddress.getAllByName(InetAddress.java:1688)
	at com.mongodb.internal.connection.DefaultInetAddressResolver.lookupByName(DefaultInetAddressResolver.java:34)
	at com.mongodb.internal.connection.ServerAddressHelper.getSocketAddresses(ServerAddressHelper.java:71)
	... 5 common frames omitted
2025-07-14 04:45:16 [cluster-ClusterId{value='6870fd13cb1616c59a9a2741', description='Yt'}-yt-shard-00-02.hjupq.mongodb.net:27017] INFO  org.mongodb.driver.cluster - Monitor thread successfully connected to server with description ServerDescription{address=yt-shard-00-02.hjupq.mongodb.net:27017, type=REPLICA_SET_SECONDARY, cryptd=false, state=CONNECTED, ok=true, minWireVersion=0, maxWireVersion=25, maxDocumentSize=16777216, logicalSessionTimeoutMinutes=30, roundTripTimeNanos=407743700, minRoundTripTimeNanos=0, setName='atlas-8nodsv-shard-0', canonicalAddress=yt-shard-00-02.hjupq.mongodb.net:27017, hosts=[yt-shard-00-01.hjupq.mongodb.net:27017, yt-shard-00-00.hjupq.mongodb.net:27017, yt-shard-00-02.hjupq.mongodb.net:27017], passives=[], arbiters=[], primary='yt-shard-00-01.hjupq.mongodb.net:27017', tagSet=TagSet{[Tag{name='availabilityZone', value='euw1-az1'}, Tag{name='diskState', value='READY'}, Tag{name='nodeType', value='ELECTABLE'}, Tag{name='provider', value='AWS'}, Tag{name='region', value='EU_WEST_1'}, Tag{name='workloadType', value='OPERATIONAL'}]}, electionId=null, setVersion=60, topologyVersion=TopologyVersion{processId=687158ec029854e0636cade5, counter=3}, lastWriteDate=Mon Jul 14 04:45:17 IST 2025, lastUpdateTimeNanos=405520894506300}
2025-07-14 04:45:16 [cluster-ClusterId{value='6870fd13cb1616c59a9a2741', description='Yt'}-yt-shard-00-01.hjupq.mongodb.net:27017] INFO  org.mongodb.driver.cluster - Monitor thread successfully connected to server with description ServerDescription{address=yt-shard-00-01.hjupq.mongodb.net:27017, type=REPLICA_SET_PRIMARY, cryptd=false, state=CONNECTED, ok=true, minWireVersion=0, maxWireVersion=25, maxDocumentSize=16777216, logicalSessionTimeoutMinutes=30, roundTripTimeNanos=391373500, minRoundTripTimeNanos=0, setName='atlas-8nodsv-shard-0', canonicalAddress=yt-shard-00-01.hjupq.mongodb.net:27017, hosts=[yt-shard-00-01.hjupq.mongodb.net:27017, yt-shard-00-00.hjupq.mongodb.net:27017, yt-shard-00-02.hjupq.mongodb.net:27017], passives=[], arbiters=[], primary='yt-shard-00-01.hjupq.mongodb.net:27017', tagSet=TagSet{[Tag{name='availabilityZone', value='euw1-az3'}, Tag{name='diskState', value='READY'}, Tag{name='nodeType', value='ELECTABLE'}, Tag{name='provider', value='AWS'}, Tag{name='region', value='EU_WEST_1'}, Tag{name='workloadType', value='OPERATIONAL'}]}, electionId=7fffffff000000000000011d, setVersion=60, topologyVersion=TopologyVersion{processId=687158b3442a85e6aa97393d, counter=6}, lastWriteDate=Mon Jul 14 04:45:17 IST 2025, lastUpdateTimeNanos=405521086470900}
2025-07-14 04:45:16 [cluster-ClusterId{value='6870fd13cb1616c59a9a2741', description='Yt'}-yt-shard-00-01.hjupq.mongodb.net:27017] INFO  org.mongodb.driver.cluster - Discovered replica set primary yt-shard-00-01.hjupq.mongodb.net:27017 with max election id 7fffffff000000000000011d and max set version 60
2025-07-14 04:45:16 [cluster-ClusterId{value='6870fd13cb1616c59a9a2741', description='Yt'}-yt-shard-00-00.hjupq.mongodb.net:27017] INFO  org.mongodb.driver.cluster - Monitor thread successfully connected to server with description ServerDescription{address=yt-shard-00-00.hjupq.mongodb.net:27017, type=REPLICA_SET_SECONDARY, cryptd=false, state=CONNECTED, ok=true, minWireVersion=0, maxWireVersion=25, maxDocumentSize=16777216, logicalSessionTimeoutMinutes=30, roundTripTimeNanos=376847900, minRoundTripTimeNanos=0, setName='atlas-8nodsv-shard-0', canonicalAddress=yt-shard-00-00.hjupq.mongodb.net:27017, hosts=[yt-shard-00-01.hjupq.mongodb.net:27017, yt-shard-00-00.hjupq.mongodb.net:27017, yt-shard-00-02.hjupq.mongodb.net:27017], passives=[], arbiters=[], primary='yt-shard-00-01.hjupq.mongodb.net:27017', tagSet=TagSet{[Tag{name='availabilityZone', value='euw1-az2'}, Tag{name='diskState', value='READY'}, Tag{name='nodeType', value='ELECTABLE'}, Tag{name='provider', value='AWS'}, Tag{name='region', value='EU_WEST_1'}, Tag{name='workloadType', value='OPERATIONAL'}]}, electionId=null, setVersion=60, topologyVersion=TopologyVersion{processId=687158792be4f42efe3d335c, counter=4}, lastWriteDate=Mon Jul 14 04:45:17 IST 2025, lastUpdateTimeNanos=405521144984400}
2025-07-14 05:31:59 [cluster-ClusterId{value='6870fd13cb1616c59a9a2741', description='Yt'}-yt-shard-00-00.hjupq.mongodb.net:27017] INFO  org.mongodb.driver.cluster - Exception in monitor thread while connecting to server yt-shard-00-00.hjupq.mongodb.net:27017
com.mongodb.MongoSocketReadException: Exception receiving message
	at com.mongodb.internal.connection.InternalStreamConnection.translateReadException(InternalStreamConnection.java:809)
	at com.mongodb.internal.connection.InternalStreamConnection.receiveResponseBuffers(InternalStreamConnection.java:857)
	at com.mongodb.internal.connection.InternalStreamConnection.receiveCommandMessageResponse(InternalStreamConnection.java:517)
	at com.mongodb.internal.connection.InternalStreamConnection.receive(InternalStreamConnection.java:469)
	at com.mongodb.internal.connection.DefaultServerMonitor$ServerMonitor.lookupServerDescription(DefaultServerMonitor.java:249)
	at com.mongodb.internal.connection.DefaultServerMonitor$ServerMonitor.run(DefaultServerMonitor.java:176)
Caused by: java.net.SocketException: Connection reset
	at java.base/sun.nio.ch.NioSocketImpl.implRead(NioSocketImpl.java:318)
	at java.base/sun.nio.ch.NioSocketImpl.read(NioSocketImpl.java:346)
	at java.base/sun.nio.ch.NioSocketImpl$1.read(NioSocketImpl.java:796)
	at java.base/java.net.Socket$SocketInputStream.read(Socket.java:1099)
	at java.base/sun.security.ssl.SSLSocketInputRecord.read(SSLSocketInputRecord.java:489)
	at java.base/sun.security.ssl.SSLSocketInputRecord.readHeader(SSLSocketInputRecord.java:483)
	at java.base/sun.security.ssl.SSLSocketInputRecord.bytesInCompletePacket(SSLSocketInputRecord.java:70)
	at java.base/sun.security.ssl.SSLSocketImpl.readApplicationRecord(SSLSocketImpl.java:1461)
	at java.base/sun.security.ssl.SSLSocketImpl$AppInputStream.read(SSLSocketImpl.java:1066)
	at com.mongodb.internal.connection.SocketStream.read(SocketStream.java:182)
	at com.mongodb.internal.connection.InternalStreamConnection.receiveResponseBuffers(InternalStreamConnection.java:824)
	... 4 common frames omitted
2025-07-14 05:31:59 [cluster-ClusterId{value='6870fd13cb1616c59a9a2741', description='Yt'}-yt-shard-00-02.hjupq.mongodb.net:27017] INFO  org.mongodb.driver.cluster - Exception in monitor thread while connecting to server yt-shard-00-02.hjupq.mongodb.net:27017
com.mongodb.MongoSocketReadException: Exception receiving message
	at com.mongodb.internal.connection.InternalStreamConnection.translateReadException(InternalStreamConnection.java:809)
	at com.mongodb.internal.connection.InternalStreamConnection.receiveResponseBuffers(InternalStreamConnection.java:857)
	at com.mongodb.internal.connection.InternalStreamConnection.receiveCommandMessageResponse(InternalStreamConnection.java:517)
	at com.mongodb.internal.connection.InternalStreamConnection.receive(InternalStreamConnection.java:469)
	at com.mongodb.internal.connection.DefaultServerMonitor$ServerMonitor.lookupServerDescription(DefaultServerMonitor.java:249)
	at com.mongodb.internal.connection.DefaultServerMonitor$ServerMonitor.run(DefaultServerMonitor.java:176)
Caused by: java.net.SocketException: Connection reset
	at java.base/sun.nio.ch.NioSocketImpl.implRead(NioSocketImpl.java:318)
	at java.base/sun.nio.ch.NioSocketImpl.read(NioSocketImpl.java:346)
	at java.base/sun.nio.ch.NioSocketImpl$1.read(NioSocketImpl.java:796)
	at java.base/java.net.Socket$SocketInputStream.read(Socket.java:1099)
	at java.base/sun.security.ssl.SSLSocketInputRecord.read(SSLSocketInputRecord.java:489)
	at java.base/sun.security.ssl.SSLSocketInputRecord.readHeader(SSLSocketInputRecord.java:483)
	at java.base/sun.security.ssl.SSLSocketInputRecord.bytesInCompletePacket(SSLSocketInputRecord.java:70)
	at java.base/sun.security.ssl.SSLSocketImpl.readApplicationRecord(SSLSocketImpl.java:1461)
	at java.base/sun.security.ssl.SSLSocketImpl$AppInputStream.read(SSLSocketImpl.java:1066)
	at com.mongodb.internal.connection.SocketStream.read(SocketStream.java:182)
	at com.mongodb.internal.connection.InternalStreamConnection.receiveResponseBuffers(InternalStreamConnection.java:824)
	... 4 common frames omitted
2025-07-14 05:31:59 [cluster-ClusterId{value='6870fd13cb1616c59a9a2741', description='Yt'}-yt-shard-00-01.hjupq.mongodb.net:27017] INFO  org.mongodb.driver.cluster - Exception in monitor thread while connecting to server yt-shard-00-01.hjupq.mongodb.net:27017
com.mongodb.MongoSocketReadException: Exception receiving message
	at com.mongodb.internal.connection.InternalStreamConnection.translateReadException(InternalStreamConnection.java:809)
	at com.mongodb.internal.connection.InternalStreamConnection.receiveResponseBuffers(InternalStreamConnection.java:857)
	at com.mongodb.internal.connection.InternalStreamConnection.receiveCommandMessageResponse(InternalStreamConnection.java:517)
	at com.mongodb.internal.connection.InternalStreamConnection.receive(InternalStreamConnection.java:469)
	at com.mongodb.internal.connection.DefaultServerMonitor$ServerMonitor.lookupServerDescription(DefaultServerMonitor.java:249)
	at com.mongodb.internal.connection.DefaultServerMonitor$ServerMonitor.run(DefaultServerMonitor.java:176)
Caused by: java.net.SocketException: Connection reset
	at java.base/sun.nio.ch.NioSocketImpl.implRead(NioSocketImpl.java:318)
	at java.base/sun.nio.ch.NioSocketImpl.read(NioSocketImpl.java:346)
	at java.base/sun.nio.ch.NioSocketImpl$1.read(NioSocketImpl.java:796)
	at java.base/java.net.Socket$SocketInputStream.read(Socket.java:1099)
	at java.base/sun.security.ssl.SSLSocketInputRecord.read(SSLSocketInputRecord.java:489)
	at java.base/sun.security.ssl.SSLSocketInputRecord.readHeader(SSLSocketInputRecord.java:483)
	at java.base/sun.security.ssl.SSLSocketInputRecord.bytesInCompletePacket(SSLSocketInputRecord.java:70)
	at java.base/sun.security.ssl.SSLSocketImpl.readApplicationRecord(SSLSocketImpl.java:1461)
	at java.base/sun.security.ssl.SSLSocketImpl$AppInputStream.read(SSLSocketImpl.java:1066)
	at com.mongodb.internal.connection.SocketStream.read(SocketStream.java:182)
	at com.mongodb.internal.connection.InternalStreamConnection.receiveResponseBuffers(InternalStreamConnection.java:824)
	... 4 common frames omitted
2025-07-14 05:32:01 [cluster-ClusterId{value='6870fd13cb1616c59a9a2741', description='Yt'}-yt-shard-00-01.hjupq.mongodb.net:27017] INFO  org.mongodb.driver.cluster - Monitor thread successfully connected to server with description ServerDescription{address=yt-shard-00-01.hjupq.mongodb.net:27017, type=REPLICA_SET_PRIMARY, cryptd=false, state=CONNECTED, ok=true, minWireVersion=0, maxWireVersion=25, maxDocumentSize=16777216, logicalSessionTimeoutMinutes=30, roundTripTimeNanos=587497000, minRoundTripTimeNanos=0, setName='atlas-8nodsv-shard-0', canonicalAddress=yt-shard-00-01.hjupq.mongodb.net:27017, hosts=[yt-shard-00-01.hjupq.mongodb.net:27017, yt-shard-00-00.hjupq.mongodb.net:27017, yt-shard-00-02.hjupq.mongodb.net:27017], passives=[], arbiters=[], primary='yt-shard-00-01.hjupq.mongodb.net:27017', tagSet=TagSet{[Tag{name='availabilityZone', value='euw1-az3'}, Tag{name='diskState', value='READY'}, Tag{name='nodeType', value='ELECTABLE'}, Tag{name='provider', value='AWS'}, Tag{name='region', value='EU_WEST_1'}, Tag{name='workloadType', value='OPERATIONAL'}]}, electionId=7fffffff000000000000011d, setVersion=60, topologyVersion=TopologyVersion{processId=687158b3442a85e6aa97393d, counter=6}, lastWriteDate=Mon Jul 14 05:32:01 IST 2025, lastUpdateTimeNanos=408325633363500}
2025-07-14 05:32:01 [cluster-ClusterId{value='6870fd13cb1616c59a9a2741', description='Yt'}-yt-shard-00-02.hjupq.mongodb.net:27017] INFO  org.mongodb.driver.cluster - Monitor thread successfully connected to server with description ServerDescription{address=yt-shard-00-02.hjupq.mongodb.net:27017, type=REPLICA_SET_SECONDARY, cryptd=false, state=CONNECTED, ok=true, minWireVersion=0, maxWireVersion=25, maxDocumentSize=16777216, logicalSessionTimeoutMinutes=30, roundTripTimeNanos=587122000, minRoundTripTimeNanos=0, setName='atlas-8nodsv-shard-0', canonicalAddress=yt-shard-00-02.hjupq.mongodb.net:27017, hosts=[yt-shard-00-01.hjupq.mongodb.net:27017, yt-shard-00-00.hjupq.mongodb.net:27017, yt-shard-00-02.hjupq.mongodb.net:27017], passives=[], arbiters=[], primary='yt-shard-00-01.hjupq.mongodb.net:27017', tagSet=TagSet{[Tag{name='availabilityZone', value='euw1-az1'}, Tag{name='diskState', value='READY'}, Tag{name='nodeType', value='ELECTABLE'}, Tag{name='provider', value='AWS'}, Tag{name='region', value='EU_WEST_1'}, Tag{name='workloadType', value='OPERATIONAL'}]}, electionId=null, setVersion=60, topologyVersion=TopologyVersion{processId=687158ec029854e0636cade5, counter=3}, lastWriteDate=Mon Jul 14 05:32:01 IST 2025, lastUpdateTimeNanos=408325633354300}
2025-07-14 05:32:01 [cluster-ClusterId{value='6870fd13cb1616c59a9a2741', description='Yt'}-yt-shard-00-01.hjupq.mongodb.net:27017] INFO  org.mongodb.driver.cluster - Discovered replica set primary yt-shard-00-01.hjupq.mongodb.net:27017 with max election id 7fffffff000000000000011d and max set version 60
2025-07-14 05:32:01 [cluster-ClusterId{value='6870fd13cb1616c59a9a2741', description='Yt'}-yt-shard-00-00.hjupq.mongodb.net:27017] INFO  org.mongodb.driver.cluster - Monitor thread successfully connected to server with description ServerDescription{address=yt-shard-00-00.hjupq.mongodb.net:27017, type=REPLICA_SET_SECONDARY, cryptd=false, state=CONNECTED, ok=true, minWireVersion=0, maxWireVersion=25, maxDocumentSize=16777216, logicalSessionTimeoutMinutes=30, roundTripTimeNanos=792003100, minRoundTripTimeNanos=0, setName='atlas-8nodsv-shard-0', canonicalAddress=yt-shard-00-00.hjupq.mongodb.net:27017, hosts=[yt-shard-00-01.hjupq.mongodb.net:27017, yt-shard-00-00.hjupq.mongodb.net:27017, yt-shard-00-02.hjupq.mongodb.net:27017], passives=[], arbiters=[], primary='yt-shard-00-01.hjupq.mongodb.net:27017', tagSet=TagSet{[Tag{name='availabilityZone', value='euw1-az2'}, Tag{name='diskState', value='READY'}, Tag{name='nodeType', value='ELECTABLE'}, Tag{name='provider', value='AWS'}, Tag{name='region', value='EU_WEST_1'}, Tag{name='workloadType', value='OPERATIONAL'}]}, electionId=null, setVersion=60, topologyVersion=TopologyVersion{processId=687158792be4f42efe3d335c, counter=4}, lastWriteDate=Mon Jul 14 05:32:02 IST 2025, lastUpdateTimeNanos=408325838176300}
2025-07-14 11:57:12 [cluster-ClusterId{value='6870fd13cb1616c59a9a2741', description='Yt'}-yt-shard-00-02.hjupq.mongodb.net:27017] INFO  org.mongodb.driver.cluster - Exception in monitor thread while connecting to server yt-shard-00-02.hjupq.mongodb.net:27017
com.mongodb.MongoSocketReadException: Exception receiving message
	at com.mongodb.internal.connection.InternalStreamConnection.translateReadException(InternalStreamConnection.java:809)
	at com.mongodb.internal.connection.InternalStreamConnection.receiveResponseBuffers(InternalStreamConnection.java:857)
	at com.mongodb.internal.connection.InternalStreamConnection.receiveCommandMessageResponse(InternalStreamConnection.java:517)
	at com.mongodb.internal.connection.InternalStreamConnection.receive(InternalStreamConnection.java:469)
	at com.mongodb.internal.connection.DefaultServerMonitor$ServerMonitor.lookupServerDescription(DefaultServerMonitor.java:249)
	at com.mongodb.internal.connection.DefaultServerMonitor$ServerMonitor.run(DefaultServerMonitor.java:176)
Caused by: java.net.SocketException: Connection reset
	at java.base/sun.nio.ch.NioSocketImpl.implRead(NioSocketImpl.java:318)
	at java.base/sun.nio.ch.NioSocketImpl.read(NioSocketImpl.java:346)
	at java.base/sun.nio.ch.NioSocketImpl$1.read(NioSocketImpl.java:796)
	at java.base/java.net.Socket$SocketInputStream.read(Socket.java:1099)
	at java.base/sun.security.ssl.SSLSocketInputRecord.read(SSLSocketInputRecord.java:489)
	at java.base/sun.security.ssl.SSLSocketInputRecord.readHeader(SSLSocketInputRecord.java:483)
	at java.base/sun.security.ssl.SSLSocketInputRecord.bytesInCompletePacket(SSLSocketInputRecord.java:70)
	at java.base/sun.security.ssl.SSLSocketImpl.readApplicationRecord(SSLSocketImpl.java:1461)
	at java.base/sun.security.ssl.SSLSocketImpl$AppInputStream.read(SSLSocketImpl.java:1066)
	at com.mongodb.internal.connection.SocketStream.read(SocketStream.java:182)
	at com.mongodb.internal.connection.InternalStreamConnection.receiveResponseBuffers(InternalStreamConnection.java:824)
	... 4 common frames omitted
2025-07-14 11:57:12 [cluster-ClusterId{value='6870fd13cb1616c59a9a2741', description='Yt'}-yt-shard-00-00.hjupq.mongodb.net:27017] INFO  org.mongodb.driver.cluster - Exception in monitor thread while connecting to server yt-shard-00-00.hjupq.mongodb.net:27017
com.mongodb.MongoSocketReadException: Exception receiving message
	at com.mongodb.internal.connection.InternalStreamConnection.translateReadException(InternalStreamConnection.java:809)
	at com.mongodb.internal.connection.InternalStreamConnection.receiveResponseBuffers(InternalStreamConnection.java:857)
	at com.mongodb.internal.connection.InternalStreamConnection.receiveCommandMessageResponse(InternalStreamConnection.java:517)
	at com.mongodb.internal.connection.InternalStreamConnection.receive(InternalStreamConnection.java:469)
	at com.mongodb.internal.connection.DefaultServerMonitor$ServerMonitor.lookupServerDescription(DefaultServerMonitor.java:249)
	at com.mongodb.internal.connection.DefaultServerMonitor$ServerMonitor.run(DefaultServerMonitor.java:176)
Caused by: java.net.SocketException: Connection reset
	at java.base/sun.nio.ch.NioSocketImpl.implRead(NioSocketImpl.java:318)
	at java.base/sun.nio.ch.NioSocketImpl.read(NioSocketImpl.java:346)
	at java.base/sun.nio.ch.NioSocketImpl$1.read(NioSocketImpl.java:796)
	at java.base/java.net.Socket$SocketInputStream.read(Socket.java:1099)
	at java.base/sun.security.ssl.SSLSocketInputRecord.read(SSLSocketInputRecord.java:489)
	at java.base/sun.security.ssl.SSLSocketInputRecord.readHeader(SSLSocketInputRecord.java:483)
	at java.base/sun.security.ssl.SSLSocketInputRecord.bytesInCompletePacket(SSLSocketInputRecord.java:70)
	at java.base/sun.security.ssl.SSLSocketImpl.readApplicationRecord(SSLSocketImpl.java:1461)
	at java.base/sun.security.ssl.SSLSocketImpl$AppInputStream.read(SSLSocketImpl.java:1066)
	at com.mongodb.internal.connection.SocketStream.read(SocketStream.java:182)
	at com.mongodb.internal.connection.InternalStreamConnection.receiveResponseBuffers(InternalStreamConnection.java:824)
	... 4 common frames omitted
2025-07-14 11:57:12 [cluster-ClusterId{value='6870fd13cb1616c59a9a2741', description='Yt'}-yt-shard-00-01.hjupq.mongodb.net:27017] INFO  org.mongodb.driver.cluster - Exception in monitor thread while connecting to server yt-shard-00-01.hjupq.mongodb.net:27017
com.mongodb.MongoSocketReadException: Exception receiving message
	at com.mongodb.internal.connection.InternalStreamConnection.translateReadException(InternalStreamConnection.java:809)
	at com.mongodb.internal.connection.InternalStreamConnection.receiveResponseBuffers(InternalStreamConnection.java:857)
	at com.mongodb.internal.connection.InternalStreamConnection.receiveCommandMessageResponse(InternalStreamConnection.java:517)
	at com.mongodb.internal.connection.InternalStreamConnection.receive(InternalStreamConnection.java:469)
	at com.mongodb.internal.connection.DefaultServerMonitor$ServerMonitor.lookupServerDescription(DefaultServerMonitor.java:249)
	at com.mongodb.internal.connection.DefaultServerMonitor$ServerMonitor.run(DefaultServerMonitor.java:176)
Caused by: java.net.SocketException: Connection reset
	at java.base/sun.nio.ch.NioSocketImpl.implRead(NioSocketImpl.java:318)
	at java.base/sun.nio.ch.NioSocketImpl.read(NioSocketImpl.java:346)
	at java.base/sun.nio.ch.NioSocketImpl$1.read(NioSocketImpl.java:796)
	at java.base/java.net.Socket$SocketInputStream.read(Socket.java:1099)
	at java.base/sun.security.ssl.SSLSocketInputRecord.read(SSLSocketInputRecord.java:489)
	at java.base/sun.security.ssl.SSLSocketInputRecord.readHeader(SSLSocketInputRecord.java:483)
	at java.base/sun.security.ssl.SSLSocketInputRecord.bytesInCompletePacket(SSLSocketInputRecord.java:70)
	at java.base/sun.security.ssl.SSLSocketImpl.readApplicationRecord(SSLSocketImpl.java:1461)
	at java.base/sun.security.ssl.SSLSocketImpl$AppInputStream.read(SSLSocketImpl.java:1066)
	at com.mongodb.internal.connection.SocketStream.read(SocketStream.java:182)
	at com.mongodb.internal.connection.InternalStreamConnection.receiveResponseBuffers(InternalStreamConnection.java:824)
	... 4 common frames omitted
2025-07-14 11:57:13 [cluster-ClusterId{value='6870fd13cb1616c59a9a2741', description='Yt'}-yt-shard-00-02.hjupq.mongodb.net:27017] INFO  org.mongodb.driver.cluster - Exception in monitor thread while connecting to server yt-shard-00-02.hjupq.mongodb.net:27017
com.mongodb.MongoSocketException: yt-shard-00-02.hjupq.mongodb.net
	at com.mongodb.internal.connection.ServerAddressHelper.getSocketAddresses(ServerAddressHelper.java:75)
	at com.mongodb.internal.connection.SocketStream.initializeSocket(SocketStream.java:100)
	at com.mongodb.internal.connection.SocketStream.open(SocketStream.java:79)
	at com.mongodb.internal.connection.InternalStreamConnection.open(InternalStreamConnection.java:233)
	at com.mongodb.internal.connection.DefaultServerMonitor$ServerMonitor.lookupServerDescription(DefaultServerMonitor.java:219)
	at com.mongodb.internal.connection.DefaultServerMonitor$ServerMonitor.run(DefaultServerMonitor.java:176)
Caused by: java.net.UnknownHostException: yt-shard-00-02.hjupq.mongodb.net
	at java.base/java.net.InetAddress$CachedLookup.get(InetAddress.java:988)
	at java.base/java.net.InetAddress.getAllByName0(InetAddress.java:1818)
	at java.base/java.net.InetAddress.getAllByName(InetAddress.java:1688)
	at com.mongodb.internal.connection.DefaultInetAddressResolver.lookupByName(DefaultInetAddressResolver.java:34)
	at com.mongodb.internal.connection.ServerAddressHelper.getSocketAddresses(ServerAddressHelper.java:71)
	... 5 common frames omitted
2025-07-14 11:57:12 [cluster-ClusterId{value='6870fd13cb1616c59a9a2741', description='Yt'}-yt-shard-00-00.hjupq.mongodb.net:27017] INFO  org.mongodb.driver.cluster - Exception in monitor thread while connecting to server yt-shard-00-00.hjupq.mongodb.net:27017
com.mongodb.MongoSocketException: yt-shard-00-00.hjupq.mongodb.net
	at com.mongodb.internal.connection.ServerAddressHelper.getSocketAddresses(ServerAddressHelper.java:75)
	at com.mongodb.internal.connection.SocketStream.initializeSocket(SocketStream.java:100)
	at com.mongodb.internal.connection.SocketStream.open(SocketStream.java:79)
	at com.mongodb.internal.connection.InternalStreamConnection.open(InternalStreamConnection.java:233)
	at com.mongodb.internal.connection.DefaultServerMonitor$ServerMonitor.lookupServerDescription(DefaultServerMonitor.java:219)
	at com.mongodb.internal.connection.DefaultServerMonitor$ServerMonitor.run(DefaultServerMonitor.java:176)
Caused by: java.net.UnknownHostException: yt-shard-00-00.hjupq.mongodb.net
	at java.base/java.net.InetAddress$CachedLookup.get(InetAddress.java:988)
	at java.base/java.net.InetAddress.getAllByName0(InetAddress.java:1818)
	at java.base/java.net.InetAddress.getAllByName(InetAddress.java:1688)
	at com.mongodb.internal.connection.DefaultInetAddressResolver.lookupByName(DefaultInetAddressResolver.java:34)
	at com.mongodb.internal.connection.ServerAddressHelper.getSocketAddresses(ServerAddressHelper.java:71)
	... 5 common frames omitted
2025-07-14 11:57:13 [cluster-ClusterId{value='6870fd13cb1616c59a9a2741', description='Yt'}-yt-shard-00-01.hjupq.mongodb.net:27017] INFO  org.mongodb.driver.cluster - Exception in monitor thread while connecting to server yt-shard-00-01.hjupq.mongodb.net:27017
com.mongodb.MongoSocketException: yt-shard-00-01.hjupq.mongodb.net
	at com.mongodb.internal.connection.ServerAddressHelper.getSocketAddresses(ServerAddressHelper.java:75)
	at com.mongodb.internal.connection.SocketStream.initializeSocket(SocketStream.java:100)
	at com.mongodb.internal.connection.SocketStream.open(SocketStream.java:79)
	at com.mongodb.internal.connection.InternalStreamConnection.open(InternalStreamConnection.java:233)
	at com.mongodb.internal.connection.DefaultServerMonitor$ServerMonitor.lookupServerDescription(DefaultServerMonitor.java:219)
	at com.mongodb.internal.connection.DefaultServerMonitor$ServerMonitor.run(DefaultServerMonitor.java:176)
Caused by: java.net.UnknownHostException: yt-shard-00-01.hjupq.mongodb.net
	at java.base/java.net.InetAddress$CachedLookup.get(InetAddress.java:988)
	at java.base/java.net.InetAddress.getAllByName0(InetAddress.java:1818)
	at java.base/java.net.InetAddress.getAllByName(InetAddress.java:1688)
	at com.mongodb.internal.connection.DefaultInetAddressResolver.lookupByName(DefaultInetAddressResolver.java:34)
	at com.mongodb.internal.connection.ServerAddressHelper.getSocketAddresses(ServerAddressHelper.java:71)
	... 5 common frames omitted
2025-07-14 11:57:24 [cluster-ClusterId{value='6870fd13cb1616c59a9a2741', description='Yt'}-yt-shard-00-02.hjupq.mongodb.net:27017] INFO  org.mongodb.driver.cluster - Monitor thread successfully connected to server with description ServerDescription{address=yt-shard-00-02.hjupq.mongodb.net:27017, type=REPLICA_SET_SECONDARY, cryptd=false, state=CONNECTED, ok=true, minWireVersion=0, maxWireVersion=25, maxDocumentSize=16777216, logicalSessionTimeoutMinutes=30, roundTripTimeNanos=529260600, minRoundTripTimeNanos=0, setName='atlas-8nodsv-shard-0', canonicalAddress=yt-shard-00-02.hjupq.mongodb.net:27017, hosts=[yt-shard-00-01.hjupq.mongodb.net:27017, yt-shard-00-00.hjupq.mongodb.net:27017, yt-shard-00-02.hjupq.mongodb.net:27017], passives=[], arbiters=[], primary='yt-shard-00-01.hjupq.mongodb.net:27017', tagSet=TagSet{[Tag{name='availabilityZone', value='euw1-az1'}, Tag{name='diskState', value='READY'}, Tag{name='nodeType', value='ELECTABLE'}, Tag{name='provider', value='AWS'}, Tag{name='region', value='EU_WEST_1'}, Tag{name='workloadType', value='OPERATIONAL'}]}, electionId=null, setVersion=60, topologyVersion=TopologyVersion{processId=687158ec029854e0636cade5, counter=3}, lastWriteDate=Mon Jul 14 11:57:25 IST 2025, lastUpdateTimeNanos=431454359173700}
2025-07-14 11:57:24 [cluster-ClusterId{value='6870fd13cb1616c59a9a2741', description='Yt'}-yt-shard-00-01.hjupq.mongodb.net:27017] INFO  org.mongodb.driver.cluster - Monitor thread successfully connected to server with description ServerDescription{address=yt-shard-00-01.hjupq.mongodb.net:27017, type=REPLICA_SET_PRIMARY, cryptd=false, state=CONNECTED, ok=true, minWireVersion=0, maxWireVersion=25, maxDocumentSize=16777216, logicalSessionTimeoutMinutes=30, roundTripTimeNanos=510682600, minRoundTripTimeNanos=0, setName='atlas-8nodsv-shard-0', canonicalAddress=yt-shard-00-01.hjupq.mongodb.net:27017, hosts=[yt-shard-00-01.hjupq.mongodb.net:27017, yt-shard-00-00.hjupq.mongodb.net:27017, yt-shard-00-02.hjupq.mongodb.net:27017], passives=[], arbiters=[], primary='yt-shard-00-01.hjupq.mongodb.net:27017', tagSet=TagSet{[Tag{name='availabilityZone', value='euw1-az3'}, Tag{name='diskState', value='READY'}, Tag{name='nodeType', value='ELECTABLE'}, Tag{name='provider', value='AWS'}, Tag{name='region', value='EU_WEST_1'}, Tag{name='workloadType', value='OPERATIONAL'}]}, electionId=7fffffff000000000000011d, setVersion=60, topologyVersion=TopologyVersion{processId=687158b3442a85e6aa97393d, counter=6}, lastWriteDate=Mon Jul 14 11:57:25 IST 2025, lastUpdateTimeNanos=431454577214500}
2025-07-14 11:57:24 [cluster-ClusterId{value='6870fd13cb1616c59a9a2741', description='Yt'}-yt-shard-00-01.hjupq.mongodb.net:27017] INFO  org.mongodb.driver.cluster - Discovered replica set primary yt-shard-00-01.hjupq.mongodb.net:27017 with max election id 7fffffff000000000000011d and max set version 60
2025-07-14 11:57:34 [cluster-ClusterId{value='6870fd13cb1616c59a9a2741', description='Yt'}-yt-shard-00-00.hjupq.mongodb.net:27017] INFO  org.mongodb.driver.cluster - Monitor thread successfully connected to server with description ServerDescription{address=yt-shard-00-00.hjupq.mongodb.net:27017, type=REPLICA_SET_SECONDARY, cryptd=false, state=CONNECTED, ok=true, minWireVersion=0, maxWireVersion=25, maxDocumentSize=16777216, logicalSessionTimeoutMinutes=30, roundTripTimeNanos=519130900, minRoundTripTimeNanos=0, setName='atlas-8nodsv-shard-0', canonicalAddress=yt-shard-00-00.hjupq.mongodb.net:27017, hosts=[yt-shard-00-01.hjupq.mongodb.net:27017, yt-shard-00-00.hjupq.mongodb.net:27017, yt-shard-00-02.hjupq.mongodb.net:27017], passives=[], arbiters=[], primary='yt-shard-00-01.hjupq.mongodb.net:27017', tagSet=TagSet{[Tag{name='availabilityZone', value='euw1-az2'}, Tag{name='diskState', value='READY'}, Tag{name='nodeType', value='ELECTABLE'}, Tag{name='provider', value='AWS'}, Tag{name='region', value='EU_WEST_1'}, Tag{name='workloadType', value='OPERATIONAL'}]}, electionId=null, setVersion=60, topologyVersion=TopologyVersion{processId=687158792be4f42efe3d335c, counter=4}, lastWriteDate=Mon Jul 14 11:57:35 IST 2025, lastUpdateTimeNanos=431464533290800}
2025-07-14 12:07:26 [cluster-ClusterId{value='6870fd13cb1616c59a9a2741', description='Yt'}-yt-shard-00-02.hjupq.mongodb.net:27017] INFO  org.mongodb.driver.cluster - Exception in monitor thread while connecting to server yt-shard-00-02.hjupq.mongodb.net:27017
com.mongodb.MongoSocketReadException: Exception receiving message
	at com.mongodb.internal.connection.InternalStreamConnection.translateReadException(InternalStreamConnection.java:809)
	at com.mongodb.internal.connection.InternalStreamConnection.receiveResponseBuffers(InternalStreamConnection.java:857)
	at com.mongodb.internal.connection.InternalStreamConnection.receiveCommandMessageResponse(InternalStreamConnection.java:517)
	at com.mongodb.internal.connection.InternalStreamConnection.receive(InternalStreamConnection.java:469)
	at com.mongodb.internal.connection.DefaultServerMonitor$ServerMonitor.lookupServerDescription(DefaultServerMonitor.java:249)
	at com.mongodb.internal.connection.DefaultServerMonitor$ServerMonitor.run(DefaultServerMonitor.java:176)
Caused by: java.net.SocketException: Connection reset
	at java.base/sun.nio.ch.NioSocketImpl.implRead(NioSocketImpl.java:318)
	at java.base/sun.nio.ch.NioSocketImpl.read(NioSocketImpl.java:346)
	at java.base/sun.nio.ch.NioSocketImpl$1.read(NioSocketImpl.java:796)
	at java.base/java.net.Socket$SocketInputStream.read(Socket.java:1099)
	at java.base/sun.security.ssl.SSLSocketInputRecord.read(SSLSocketInputRecord.java:489)
	at java.base/sun.security.ssl.SSLSocketInputRecord.readHeader(SSLSocketInputRecord.java:483)
	at java.base/sun.security.ssl.SSLSocketInputRecord.bytesInCompletePacket(SSLSocketInputRecord.java:70)
	at java.base/sun.security.ssl.SSLSocketImpl.readApplicationRecord(SSLSocketImpl.java:1461)
	at java.base/sun.security.ssl.SSLSocketImpl$AppInputStream.read(SSLSocketImpl.java:1066)
	at com.mongodb.internal.connection.SocketStream.read(SocketStream.java:182)
	at com.mongodb.internal.connection.InternalStreamConnection.receiveResponseBuffers(InternalStreamConnection.java:824)
	... 4 common frames omitted
2025-07-14 12:07:26 [cluster-ClusterId{value='6870fd13cb1616c59a9a2741', description='Yt'}-yt-shard-00-01.hjupq.mongodb.net:27017] INFO  org.mongodb.driver.cluster - Exception in monitor thread while connecting to server yt-shard-00-01.hjupq.mongodb.net:27017
com.mongodb.MongoSocketReadException: Exception receiving message
	at com.mongodb.internal.connection.InternalStreamConnection.translateReadException(InternalStreamConnection.java:809)
	at com.mongodb.internal.connection.InternalStreamConnection.receiveResponseBuffers(InternalStreamConnection.java:857)
	at com.mongodb.internal.connection.InternalStreamConnection.receiveCommandMessageResponse(InternalStreamConnection.java:517)
	at com.mongodb.internal.connection.InternalStreamConnection.receive(InternalStreamConnection.java:469)
	at com.mongodb.internal.connection.DefaultServerMonitor$ServerMonitor.lookupServerDescription(DefaultServerMonitor.java:249)
	at com.mongodb.internal.connection.DefaultServerMonitor$ServerMonitor.run(DefaultServerMonitor.java:176)
Caused by: java.net.SocketException: Connection reset
	at java.base/sun.nio.ch.NioSocketImpl.implRead(NioSocketImpl.java:318)
	at java.base/sun.nio.ch.NioSocketImpl.read(NioSocketImpl.java:346)
	at java.base/sun.nio.ch.NioSocketImpl$1.read(NioSocketImpl.java:796)
	at java.base/java.net.Socket$SocketInputStream.read(Socket.java:1099)
	at java.base/sun.security.ssl.SSLSocketInputRecord.read(SSLSocketInputRecord.java:489)
	at java.base/sun.security.ssl.SSLSocketInputRecord.readHeader(SSLSocketInputRecord.java:483)
	at java.base/sun.security.ssl.SSLSocketInputRecord.bytesInCompletePacket(SSLSocketInputRecord.java:70)
	at java.base/sun.security.ssl.SSLSocketImpl.readApplicationRecord(SSLSocketImpl.java:1461)
	at java.base/sun.security.ssl.SSLSocketImpl$AppInputStream.read(SSLSocketImpl.java:1066)
	at com.mongodb.internal.connection.SocketStream.read(SocketStream.java:182)
	at com.mongodb.internal.connection.InternalStreamConnection.receiveResponseBuffers(InternalStreamConnection.java:824)
	... 4 common frames omitted
2025-07-14 12:07:26 [cluster-ClusterId{value='6870fd13cb1616c59a9a2741', description='Yt'}-yt-shard-00-00.hjupq.mongodb.net:27017] INFO  org.mongodb.driver.cluster - Exception in monitor thread while connecting to server yt-shard-00-00.hjupq.mongodb.net:27017
com.mongodb.MongoSocketReadException: Exception receiving message
	at com.mongodb.internal.connection.InternalStreamConnection.translateReadException(InternalStreamConnection.java:809)
	at com.mongodb.internal.connection.InternalStreamConnection.receiveResponseBuffers(InternalStreamConnection.java:857)
	at com.mongodb.internal.connection.InternalStreamConnection.receiveCommandMessageResponse(InternalStreamConnection.java:517)
	at com.mongodb.internal.connection.InternalStreamConnection.receive(InternalStreamConnection.java:469)
	at com.mongodb.internal.connection.DefaultServerMonitor$ServerMonitor.lookupServerDescription(DefaultServerMonitor.java:249)
	at com.mongodb.internal.connection.DefaultServerMonitor$ServerMonitor.run(DefaultServerMonitor.java:176)
Caused by: java.net.SocketException: Connection reset
	at java.base/sun.nio.ch.NioSocketImpl.implRead(NioSocketImpl.java:318)
	at java.base/sun.nio.ch.NioSocketImpl.read(NioSocketImpl.java:346)
	at java.base/sun.nio.ch.NioSocketImpl$1.read(NioSocketImpl.java:796)
	at java.base/java.net.Socket$SocketInputStream.read(Socket.java:1099)
	at java.base/sun.security.ssl.SSLSocketInputRecord.read(SSLSocketInputRecord.java:489)
	at java.base/sun.security.ssl.SSLSocketInputRecord.readHeader(SSLSocketInputRecord.java:483)
	at java.base/sun.security.ssl.SSLSocketInputRecord.bytesInCompletePacket(SSLSocketInputRecord.java:70)
	at java.base/sun.security.ssl.SSLSocketImpl.readApplicationRecord(SSLSocketImpl.java:1461)
	at java.base/sun.security.ssl.SSLSocketImpl$AppInputStream.read(SSLSocketImpl.java:1066)
	at com.mongodb.internal.connection.SocketStream.read(SocketStream.java:182)
	at com.mongodb.internal.connection.InternalStreamConnection.receiveResponseBuffers(InternalStreamConnection.java:824)
	... 4 common frames omitted
2025-07-14 12:07:27 [cluster-ClusterId{value='6870fd13cb1616c59a9a2741', description='Yt'}-yt-shard-00-02.hjupq.mongodb.net:27017] INFO  org.mongodb.driver.cluster - Monitor thread successfully connected to server with description ServerDescription{address=yt-shard-00-02.hjupq.mongodb.net:27017, type=REPLICA_SET_SECONDARY, cryptd=false, state=CONNECTED, ok=true, minWireVersion=0, maxWireVersion=25, maxDocumentSize=16777216, logicalSessionTimeoutMinutes=30, roundTripTimeNanos=557102900, minRoundTripTimeNanos=0, setName='atlas-8nodsv-shard-0', canonicalAddress=yt-shard-00-02.hjupq.mongodb.net:27017, hosts=[yt-shard-00-01.hjupq.mongodb.net:27017, yt-shard-00-00.hjupq.mongodb.net:27017, yt-shard-00-02.hjupq.mongodb.net:27017], passives=[], arbiters=[], primary='yt-shard-00-01.hjupq.mongodb.net:27017', tagSet=TagSet{[Tag{name='availabilityZone', value='euw1-az1'}, Tag{name='diskState', value='READY'}, Tag{name='nodeType', value='ELECTABLE'}, Tag{name='provider', value='AWS'}, Tag{name='region', value='EU_WEST_1'}, Tag{name='workloadType', value='OPERATIONAL'}]}, electionId=null, setVersion=60, topologyVersion=TopologyVersion{processId=687158ec029854e0636cade5, counter=3}, lastWriteDate=Mon Jul 14 12:07:27 IST 2025, lastUpdateTimeNanos=432056271777800}
2025-07-14 12:07:27 [cluster-ClusterId{value='6870fd13cb1616c59a9a2741', description='Yt'}-yt-shard-00-01.hjupq.mongodb.net:27017] INFO  org.mongodb.driver.cluster - Monitor thread successfully connected to server with description ServerDescription{address=yt-shard-00-01.hjupq.mongodb.net:27017, type=REPLICA_SET_PRIMARY, cryptd=false, state=CONNECTED, ok=true, minWireVersion=0, maxWireVersion=25, maxDocumentSize=16777216, logicalSessionTimeoutMinutes=30, roundTripTimeNanos=557054200, minRoundTripTimeNanos=0, setName='atlas-8nodsv-shard-0', canonicalAddress=yt-shard-00-01.hjupq.mongodb.net:27017, hosts=[yt-shard-00-01.hjupq.mongodb.net:27017, yt-shard-00-00.hjupq.mongodb.net:27017, yt-shard-00-02.hjupq.mongodb.net:27017], passives=[], arbiters=[], primary='yt-shard-00-01.hjupq.mongodb.net:27017', tagSet=TagSet{[Tag{name='availabilityZone', value='euw1-az3'}, Tag{name='diskState', value='READY'}, Tag{name='nodeType', value='ELECTABLE'}, Tag{name='provider', value='AWS'}, Tag{name='region', value='EU_WEST_1'}, Tag{name='workloadType', value='OPERATIONAL'}]}, electionId=7fffffff000000000000011d, setVersion=60, topologyVersion=TopologyVersion{processId=687158b3442a85e6aa97393d, counter=6}, lastWriteDate=Mon Jul 14 12:07:27 IST 2025, lastUpdateTimeNanos=432056271777500}
2025-07-14 12:07:27 [cluster-ClusterId{value='6870fd13cb1616c59a9a2741', description='Yt'}-yt-shard-00-00.hjupq.mongodb.net:27017] INFO  org.mongodb.driver.cluster - Monitor thread successfully connected to server with description ServerDescription{address=yt-shard-00-00.hjupq.mongodb.net:27017, type=REPLICA_SET_SECONDARY, cryptd=false, state=CONNECTED, ok=true, minWireVersion=0, maxWireVersion=25, maxDocumentSize=16777216, logicalSessionTimeoutMinutes=30, roundTripTimeNanos=713664000, minRoundTripTimeNanos=0, setName='atlas-8nodsv-shard-0', canonicalAddress=yt-shard-00-00.hjupq.mongodb.net:27017, hosts=[yt-shard-00-01.hjupq.mongodb.net:27017, yt-shard-00-00.hjupq.mongodb.net:27017, yt-shard-00-02.hjupq.mongodb.net:27017], passives=[], arbiters=[], primary='yt-shard-00-01.hjupq.mongodb.net:27017', tagSet=TagSet{[Tag{name='availabilityZone', value='euw1-az2'}, Tag{name='diskState', value='READY'}, Tag{name='nodeType', value='ELECTABLE'}, Tag{name='provider', value='AWS'}, Tag{name='region', value='EU_WEST_1'}, Tag{name='workloadType', value='OPERATIONAL'}]}, electionId=null, setVersion=60, topologyVersion=TopologyVersion{processId=687158792be4f42efe3d335c, counter=4}, lastWriteDate=Mon Jul 14 12:07:27 IST 2025, lastUpdateTimeNanos=432056271778000}
2025-07-14 12:07:27 [cluster-ClusterId{value='6870fd13cb1616c59a9a2741', description='Yt'}-yt-shard-00-01.hjupq.mongodb.net:27017] INFO  org.mongodb.driver.cluster - Discovered replica set primary yt-shard-00-01.hjupq.mongodb.net:27017 with max election id 7fffffff000000000000011d and max set version 60
2025-07-14 12:31:18 [cluster-ClusterId{value='6870fd13cb1616c59a9a2741', description='Yt'}-yt-shard-00-02.hjupq.mongodb.net:27017] INFO  org.mongodb.driver.cluster - Exception in monitor thread while connecting to server yt-shard-00-02.hjupq.mongodb.net:27017
com.mongodb.MongoSocketReadException: Exception receiving message
	at com.mongodb.internal.connection.InternalStreamConnection.translateReadException(InternalStreamConnection.java:809)
	at com.mongodb.internal.connection.InternalStreamConnection.receiveResponseBuffers(InternalStreamConnection.java:857)
	at com.mongodb.internal.connection.InternalStreamConnection.receiveCommandMessageResponse(InternalStreamConnection.java:517)
	at com.mongodb.internal.connection.InternalStreamConnection.receive(InternalStreamConnection.java:469)
	at com.mongodb.internal.connection.DefaultServerMonitor$ServerMonitor.lookupServerDescription(DefaultServerMonitor.java:249)
	at com.mongodb.internal.connection.DefaultServerMonitor$ServerMonitor.run(DefaultServerMonitor.java:176)
Caused by: java.net.SocketException: Connection reset
	at java.base/sun.nio.ch.NioSocketImpl.implRead(NioSocketImpl.java:318)
	at java.base/sun.nio.ch.NioSocketImpl.read(NioSocketImpl.java:346)
	at java.base/sun.nio.ch.NioSocketImpl$1.read(NioSocketImpl.java:796)
	at java.base/java.net.Socket$SocketInputStream.read(Socket.java:1099)
	at java.base/sun.security.ssl.SSLSocketInputRecord.read(SSLSocketInputRecord.java:489)
	at java.base/sun.security.ssl.SSLSocketInputRecord.readHeader(SSLSocketInputRecord.java:483)
	at java.base/sun.security.ssl.SSLSocketInputRecord.bytesInCompletePacket(SSLSocketInputRecord.java:70)
	at java.base/sun.security.ssl.SSLSocketImpl.readApplicationRecord(SSLSocketImpl.java:1461)
	at java.base/sun.security.ssl.SSLSocketImpl$AppInputStream.read(SSLSocketImpl.java:1066)
	at com.mongodb.internal.connection.SocketStream.read(SocketStream.java:182)
	at com.mongodb.internal.connection.InternalStreamConnection.receiveResponseBuffers(InternalStreamConnection.java:824)
	... 4 common frames omitted
2025-07-14 12:31:18 [cluster-ClusterId{value='6870fd13cb1616c59a9a2741', description='Yt'}-yt-shard-00-01.hjupq.mongodb.net:27017] INFO  org.mongodb.driver.cluster - Exception in monitor thread while connecting to server yt-shard-00-01.hjupq.mongodb.net:27017
com.mongodb.MongoSocketReadException: Exception receiving message
	at com.mongodb.internal.connection.InternalStreamConnection.translateReadException(InternalStreamConnection.java:809)
	at com.mongodb.internal.connection.InternalStreamConnection.receiveResponseBuffers(InternalStreamConnection.java:857)
	at com.mongodb.internal.connection.InternalStreamConnection.receiveCommandMessageResponse(InternalStreamConnection.java:517)
	at com.mongodb.internal.connection.InternalStreamConnection.receive(InternalStreamConnection.java:469)
	at com.mongodb.internal.connection.DefaultServerMonitor$ServerMonitor.lookupServerDescription(DefaultServerMonitor.java:249)
	at com.mongodb.internal.connection.DefaultServerMonitor$ServerMonitor.run(DefaultServerMonitor.java:176)
Caused by: java.net.SocketException: Connection reset
	at java.base/sun.nio.ch.NioSocketImpl.implRead(NioSocketImpl.java:318)
	at java.base/sun.nio.ch.NioSocketImpl.read(NioSocketImpl.java:346)
	at java.base/sun.nio.ch.NioSocketImpl$1.read(NioSocketImpl.java:796)
	at java.base/java.net.Socket$SocketInputStream.read(Socket.java:1099)
	at java.base/sun.security.ssl.SSLSocketInputRecord.read(SSLSocketInputRecord.java:489)
	at java.base/sun.security.ssl.SSLSocketInputRecord.readHeader(SSLSocketInputRecord.java:483)
	at java.base/sun.security.ssl.SSLSocketInputRecord.bytesInCompletePacket(SSLSocketInputRecord.java:70)
	at java.base/sun.security.ssl.SSLSocketImpl.readApplicationRecord(SSLSocketImpl.java:1461)
	at java.base/sun.security.ssl.SSLSocketImpl$AppInputStream.read(SSLSocketImpl.java:1066)
	at com.mongodb.internal.connection.SocketStream.read(SocketStream.java:182)
	at com.mongodb.internal.connection.InternalStreamConnection.receiveResponseBuffers(InternalStreamConnection.java:824)
	... 4 common frames omitted
2025-07-14 12:31:18 [cluster-ClusterId{value='6870fd13cb1616c59a9a2741', description='Yt'}-yt-shard-00-00.hjupq.mongodb.net:27017] INFO  org.mongodb.driver.cluster - Exception in monitor thread while connecting to server yt-shard-00-00.hjupq.mongodb.net:27017
com.mongodb.MongoSocketReadException: Exception receiving message
	at com.mongodb.internal.connection.InternalStreamConnection.translateReadException(InternalStreamConnection.java:809)
	at com.mongodb.internal.connection.InternalStreamConnection.receiveResponseBuffers(InternalStreamConnection.java:857)
	at com.mongodb.internal.connection.InternalStreamConnection.receiveCommandMessageResponse(InternalStreamConnection.java:517)
	at com.mongodb.internal.connection.InternalStreamConnection.receive(InternalStreamConnection.java:469)
	at com.mongodb.internal.connection.DefaultServerMonitor$ServerMonitor.lookupServerDescription(DefaultServerMonitor.java:249)
	at com.mongodb.internal.connection.DefaultServerMonitor$ServerMonitor.run(DefaultServerMonitor.java:176)
Caused by: java.net.SocketException: Connection reset
	at java.base/sun.nio.ch.NioSocketImpl.implRead(NioSocketImpl.java:318)
	at java.base/sun.nio.ch.NioSocketImpl.read(NioSocketImpl.java:346)
	at java.base/sun.nio.ch.NioSocketImpl$1.read(NioSocketImpl.java:796)
	at java.base/java.net.Socket$SocketInputStream.read(Socket.java:1099)
	at java.base/sun.security.ssl.SSLSocketInputRecord.read(SSLSocketInputRecord.java:489)
	at java.base/sun.security.ssl.SSLSocketInputRecord.readHeader(SSLSocketInputRecord.java:483)
	at java.base/sun.security.ssl.SSLSocketInputRecord.bytesInCompletePacket(SSLSocketInputRecord.java:70)
	at java.base/sun.security.ssl.SSLSocketImpl.readApplicationRecord(SSLSocketImpl.java:1461)
	at java.base/sun.security.ssl.SSLSocketImpl$AppInputStream.read(SSLSocketImpl.java:1066)
	at com.mongodb.internal.connection.SocketStream.read(SocketStream.java:182)
	at com.mongodb.internal.connection.InternalStreamConnection.receiveResponseBuffers(InternalStreamConnection.java:824)
	... 4 common frames omitted
2025-07-14 12:31:19 [cluster-ClusterId{value='6870fd13cb1616c59a9a2741', description='Yt'}-yt-shard-00-01.hjupq.mongodb.net:27017] INFO  org.mongodb.driver.cluster - Monitor thread successfully connected to server with description ServerDescription{address=yt-shard-00-01.hjupq.mongodb.net:27017, type=REPLICA_SET_PRIMARY, cryptd=false, state=CONNECTED, ok=true, minWireVersion=0, maxWireVersion=25, maxDocumentSize=16777216, logicalSessionTimeoutMinutes=30, roundTripTimeNanos=816156800, minRoundTripTimeNanos=0, setName='atlas-8nodsv-shard-0', canonicalAddress=yt-shard-00-01.hjupq.mongodb.net:27017, hosts=[yt-shard-00-01.hjupq.mongodb.net:27017, yt-shard-00-00.hjupq.mongodb.net:27017, yt-shard-00-02.hjupq.mongodb.net:27017], passives=[], arbiters=[], primary='yt-shard-00-01.hjupq.mongodb.net:27017', tagSet=TagSet{[Tag{name='availabilityZone', value='euw1-az3'}, Tag{name='diskState', value='READY'}, Tag{name='nodeType', value='ELECTABLE'}, Tag{name='provider', value='AWS'}, Tag{name='region', value='EU_WEST_1'}, Tag{name='workloadType', value='OPERATIONAL'}]}, electionId=7fffffff000000000000011d, setVersion=60, topologyVersion=TopologyVersion{processId=687158b3442a85e6aa97393d, counter=6}, lastWriteDate=Mon Jul 14 12:31:19 IST 2025, lastUpdateTimeNanos=433488718394500}
2025-07-14 12:31:19 [cluster-ClusterId{value='6870fd13cb1616c59a9a2741', description='Yt'}-yt-shard-00-00.hjupq.mongodb.net:27017] INFO  org.mongodb.driver.cluster - Monitor thread successfully connected to server with description ServerDescription{address=yt-shard-00-00.hjupq.mongodb.net:27017, type=REPLICA_SET_SECONDARY, cryptd=false, state=CONNECTED, ok=true, minWireVersion=0, maxWireVersion=25, maxDocumentSize=16777216, logicalSessionTimeoutMinutes=30, roundTripTimeNanos=816174200, minRoundTripTimeNanos=0, setName='atlas-8nodsv-shard-0', canonicalAddress=yt-shard-00-00.hjupq.mongodb.net:27017, hosts=[yt-shard-00-01.hjupq.mongodb.net:27017, yt-shard-00-00.hjupq.mongodb.net:27017, yt-shard-00-02.hjupq.mongodb.net:27017], passives=[], arbiters=[], primary='yt-shard-00-01.hjupq.mongodb.net:27017', tagSet=TagSet{[Tag{name='availabilityZone', value='euw1-az2'}, Tag{name='diskState', value='READY'}, Tag{name='nodeType', value='ELECTABLE'}, Tag{name='provider', value='AWS'}, Tag{name='region', value='EU_WEST_1'}, Tag{name='workloadType', value='OPERATIONAL'}]}, electionId=null, setVersion=60, topologyVersion=TopologyVersion{processId=687158792be4f42efe3d335c, counter=4}, lastWriteDate=Mon Jul 14 12:31:19 IST 2025, lastUpdateTimeNanos=433488718394500}
2025-07-14 12:31:19 [cluster-ClusterId{value='6870fd13cb1616c59a9a2741', description='Yt'}-yt-shard-00-02.hjupq.mongodb.net:27017] INFO  org.mongodb.driver.cluster - Monitor thread successfully connected to server with description ServerDescription{address=yt-shard-00-02.hjupq.mongodb.net:27017, type=REPLICA_SET_SECONDARY, cryptd=false, state=CONNECTED, ok=true, minWireVersion=0, maxWireVersion=25, maxDocumentSize=16777216, logicalSessionTimeoutMinutes=30, roundTripTimeNanos=816451700, minRoundTripTimeNanos=0, setName='atlas-8nodsv-shard-0', canonicalAddress=yt-shard-00-02.hjupq.mongodb.net:27017, hosts=[yt-shard-00-01.hjupq.mongodb.net:27017, yt-shard-00-00.hjupq.mongodb.net:27017, yt-shard-00-02.hjupq.mongodb.net:27017], passives=[], arbiters=[], primary='yt-shard-00-01.hjupq.mongodb.net:27017', tagSet=TagSet{[Tag{name='availabilityZone', value='euw1-az1'}, Tag{name='diskState', value='READY'}, Tag{name='nodeType', value='ELECTABLE'}, Tag{name='provider', value='AWS'}, Tag{name='region', value='EU_WEST_1'}, Tag{name='workloadType', value='OPERATIONAL'}]}, electionId=null, setVersion=60, topologyVersion=TopologyVersion{processId=687158ec029854e0636cade5, counter=3}, lastWriteDate=Mon Jul 14 12:31:19 IST 2025, lastUpdateTimeNanos=433488718671800}
2025-07-14 12:31:19 [cluster-ClusterId{value='6870fd13cb1616c59a9a2741', description='Yt'}-yt-shard-00-01.hjupq.mongodb.net:27017] INFO  org.mongodb.driver.cluster - Discovered replica set primary yt-shard-00-01.hjupq.mongodb.net:27017 with max election id 7fffffff000000000000011d and max set version 60
2025-07-14 08:46:52 [main] INFO  c.t.u.UrlShortnerApplication - Starting UrlShortnerApplication v0.0.1-SNAPSHOT using Java 21 with PID 1 (/app/build/libs/url_shortner-0.0.1-SNAPSHOT.war started by root in /app)
2025-07-14 08:46:52 [main] INFO  c.t.u.UrlShortnerApplication - The following 1 profile is active: "docker"
2025-07-14 08:46:53 [main] INFO  o.s.d.r.c.RepositoryConfigurationDelegate - Bootstrapping Spring Data MongoDB repositories in DEFAULT mode.
2025-07-14 08:46:54 [main] INFO  o.s.d.r.c.RepositoryConfigurationDelegate - Finished Spring Data repository scanning in 148 ms. Found 3 MongoDB repository interfaces.
2025-07-14 08:46:54 [main] INFO  o.s.cloud.context.scope.GenericScope - BeanFactory id=37f90490-15ab-3f55-b939-e30c6f5d0a82
2025-07-14 08:46:55 [main] INFO  o.s.b.w.e.tomcat.TomcatWebServer - Tomcat initialized with port 8080 (http)
2025-07-14 08:46:55 [main] INFO  o.a.catalina.core.StandardService - Starting service [Tomcat]
2025-07-14 08:46:55 [main] INFO  o.a.catalina.core.StandardEngine - Starting Servlet engine: [Apache Tomcat/10.1.42]
2025-07-14 08:46:55 [main] INFO  o.a.c.c.C.[Tomcat].[localhost].[/] - Initializing Spring embedded WebApplicationContext
2025-07-14 08:46:55 [main] INFO  o.s.b.w.s.c.ServletWebServerApplicationContext - Root WebApplicationContext: initialization completed in 2607 ms
2025-07-14 08:46:55 [main] WARN  org.mongodb.driver.uri - Connection string contains unsupported option 'tlsallowinvalidcertificates'.
2025-07-14 08:46:56 [cluster-ClusterId{value='6874c3ffc7ab5764e62b689a', description='Yt'}-srv-yt.hjupq.mongodb.net] INFO  org.mongodb.driver.cluster - Adding discovered server yt-shard-00-02.hjupq.mongodb.net:27017 to client view of cluster
2025-07-14 08:46:56 [main] INFO  org.mongodb.driver.client - MongoClient with metadata {"application": {"name": "Yt"}, "driver": {"name": "mongo-java-driver|sync|spring-boot", "version": "5.5.1"}, "os": {"type": "Linux", "name": "Linux", "architecture": "amd64", "version": "6.6.87.2-microsoft-standard-WSL2"}, "platform": "Java/Oracle Corporation/21+35-2513", "env": {"container": {"runtime": "docker"}}} created with settings MongoClientSettings{readPreference=primary, writeConcern=WriteConcern{w=majority, wTimeout=null ms, journal=null}, retryWrites=true, retryReads=true, readConcern=ReadConcern{level=null}, credential=MongoCredential{mechanism=null, userName='url-shortner', source='admin', password=<hidden>, mechanismProperties=<hidden>}, transportSettings=null, commandListeners=[], codecRegistry=ProvidersCodecRegistry{codecProviders=[ValueCodecProvider{}, BsonValueCodecProvider{}, DBRefCodecProvider{}, DBObjectCodecProvider{}, DocumentCodecProvider{}, CollectionCodecProvider{}, IterableCodecProvider{}, MapCodecProvider{}, GeoJsonCodecProvider{}, GridFSFileCodecProvider{}, Jsr310CodecProvider{}, JsonObjectCodecProvider{}, BsonCodecProvider{}, EnumCodecProvider{}, com.mongodb.client.model.mql.ExpressionCodecProvider@3513c84c, com.mongodb.Jep395RecordCodecProvider@4978777f, com.mongodb.KotlinCodecProvider@7bc6935c]}, loggerSettings=LoggerSettings{maxDocumentLength=1000}, clusterSettings={hosts=[127.0.0.1:27017], srvHost=yt.hjupq.mongodb.net, srvServiceName=mongodb, mode=MULTIPLE, requiredClusterType=REPLICA_SET, requiredReplicaSetName='atlas-8nodsv-shard-0', serverSelector='null', clusterListeners='[]', serverSelectionTimeout='30000 ms', localThreshold='15 ms'}, socketSettings=SocketSettings{connectTimeoutMS=10000, readTimeoutMS=0, receiveBufferSize=0, proxySettings=ProxySettings{host=null, port=null, username=null, password=null}}, heartbeatSocketSettings=SocketSettings{connectTimeoutMS=10000, readTimeoutMS=10000, receiveBufferSize=0, proxySettings=ProxySettings{host=null, port=null, username=null, password=null}}, connectionPoolSettings=ConnectionPoolSettings{maxSize=100, minSize=0, maxWaitTimeMS=120000, maxConnectionLifeTimeMS=0, maxConnectionIdleTimeMS=0, maintenanceInitialDelayMS=0, maintenanceFrequencyMS=60000, connectionPoolListeners=[], maxConnecting=2}, serverSettings=ServerSettings{heartbeatFrequencyMS=10000, minHeartbeatFrequencyMS=500, serverMonitoringMode=AUTO, serverListeners='[]', serverMonitorListeners='[]'}, sslSettings=SslSettings{enabled=true, invalidHostNameAllowed=false, context=null}, applicationName='Yt', compressorList=[], uuidRepresentation=JAVA_LEGACY, serverApi=null, autoEncryptionSettings=null, dnsClient=null, inetAddressResolver=null, contextProvider=null, timeoutMS=null}
2025-07-14 08:46:56 [cluster-ClusterId{value='6874c3ffc7ab5764e62b689a', description='Yt'}-srv-yt.hjupq.mongodb.net] INFO  org.mongodb.driver.cluster - Adding discovered server yt-shard-00-00.hjupq.mongodb.net:27017 to client view of cluster
2025-07-14 08:46:56 [cluster-ClusterId{value='6874c3ffc7ab5764e62b689a', description='Yt'}-srv-yt.hjupq.mongodb.net] INFO  org.mongodb.driver.cluster - Adding discovered server yt-shard-00-01.hjupq.mongodb.net:27017 to client view of cluster
2025-07-14 08:46:57 [main] INFO  o.s.b.w.e.tomcat.TomcatWebServer - Tomcat started on port 8080 (http) with context path '/'
2025-07-14 08:46:57 [main] INFO  c.t.u.UrlShortnerApplication - Started UrlShortnerApplication in 5.64 seconds (process running for 7.188)
2025-07-14 08:46:57 [cluster-ClusterId{value='6874c3ffc7ab5764e62b689a', description='Yt'}-yt-shard-00-01.hjupq.mongodb.net:27017] INFO  org.mongodb.driver.cluster - Monitor thread successfully connected to server with description ServerDescription{address=yt-shard-00-01.hjupq.mongodb.net:27017, type=REPLICA_SET_PRIMARY, cryptd=false, state=CONNECTED, ok=true, minWireVersion=0, maxWireVersion=25, maxDocumentSize=16777216, logicalSessionTimeoutMinutes=30, roundTripTimeNanos=1156429816, minRoundTripTimeNanos=0, setName='atlas-8nodsv-shard-0', canonicalAddress=yt-shard-00-01.hjupq.mongodb.net:27017, hosts=[yt-shard-00-01.hjupq.mongodb.net:27017, yt-shard-00-00.hjupq.mongodb.net:27017, yt-shard-00-02.hjupq.mongodb.net:27017], passives=[], arbiters=[], primary='yt-shard-00-01.hjupq.mongodb.net:27017', tagSet=TagSet{[Tag{name='availabilityZone', value='euw1-az3'}, Tag{name='diskState', value='READY'}, Tag{name='nodeType', value='ELECTABLE'}, Tag{name='provider', value='AWS'}, Tag{name='region', value='EU_WEST_1'}, Tag{name='workloadType', value='OPERATIONAL'}]}, electionId=7fffffff000000000000011d, setVersion=60, topologyVersion=TopologyVersion{processId=687158b3442a85e6aa97393d, counter=6}, lastWriteDate=Mon Jul 14 08:46:57 UTC 2025, lastUpdateTimeNanos=305679915874}
2025-07-14 08:46:57 [cluster-ClusterId{value='6874c3ffc7ab5764e62b689a', description='Yt'}-yt-shard-00-00.hjupq.mongodb.net:27017] INFO  org.mongodb.driver.cluster - Monitor thread successfully connected to server with description ServerDescription{address=yt-shard-00-00.hjupq.mongodb.net:27017, type=REPLICA_SET_SECONDARY, cryptd=false, state=CONNECTED, ok=true, minWireVersion=0, maxWireVersion=25, maxDocumentSize=16777216, logicalSessionTimeoutMinutes=30, roundTripTimeNanos=1156425674, minRoundTripTimeNanos=0, setName='atlas-8nodsv-shard-0', canonicalAddress=yt-shard-00-00.hjupq.mongodb.net:27017, hosts=[yt-shard-00-01.hjupq.mongodb.net:27017, yt-shard-00-00.hjupq.mongodb.net:27017, yt-shard-00-02.hjupq.mongodb.net:27017], passives=[], arbiters=[], primary='yt-shard-00-01.hjupq.mongodb.net:27017', tagSet=TagSet{[Tag{name='availabilityZone', value='euw1-az2'}, Tag{name='diskState', value='READY'}, Tag{name='nodeType', value='ELECTABLE'}, Tag{name='provider', value='AWS'}, Tag{name='region', value='EU_WEST_1'}, Tag{name='workloadType', value='OPERATIONAL'}]}, electionId=null, setVersion=60, topologyVersion=TopologyVersion{processId=687158792be4f42efe3d335c, counter=4}, lastWriteDate=Mon Jul 14 08:46:57 UTC 2025, lastUpdateTimeNanos=305679916118}
2025-07-14 08:46:57 [cluster-ClusterId{value='6874c3ffc7ab5764e62b689a', description='Yt'}-yt-shard-00-02.hjupq.mongodb.net:27017] INFO  org.mongodb.driver.cluster - Monitor thread successfully connected to server with description ServerDescription{address=yt-shard-00-02.hjupq.mongodb.net:27017, type=REPLICA_SET_SECONDARY, cryptd=false, state=CONNECTED, ok=true, minWireVersion=0, maxWireVersion=25, maxDocumentSize=16777216, logicalSessionTimeoutMinutes=30, roundTripTimeNanos=1156409820, minRoundTripTimeNanos=0, setName='atlas-8nodsv-shard-0', canonicalAddress=yt-shard-00-02.hjupq.mongodb.net:27017, hosts=[yt-shard-00-01.hjupq.mongodb.net:27017, yt-shard-00-00.hjupq.mongodb.net:27017, yt-shard-00-02.hjupq.mongodb.net:27017], passives=[], arbiters=[], primary='yt-shard-00-01.hjupq.mongodb.net:27017', tagSet=TagSet{[Tag{name='availabilityZone', value='euw1-az1'}, Tag{name='diskState', value='READY'}, Tag{name='nodeType', value='ELECTABLE'}, Tag{name='provider', value='AWS'}, Tag{name='region', value='EU_WEST_1'}, Tag{name='workloadType', value='OPERATIONAL'}]}, electionId=null, setVersion=60, topologyVersion=TopologyVersion{processId=687158ec029854e0636cade5, counter=3}, lastWriteDate=Mon Jul 14 08:46:57 UTC 2025, lastUpdateTimeNanos=305679915945}
2025-07-14 08:46:58 [cluster-ClusterId{value='6874c3ffc7ab5764e62b689a', description='Yt'}-yt-shard-00-01.hjupq.mongodb.net:27017] INFO  org.mongodb.driver.cluster - Discovered replica set primary yt-shard-00-01.hjupq.mongodb.net:27017 with max election id 7fffffff000000000000011d and max set version 60
2025-07-14 08:51:10 [SpringApplicationShutdownHook] INFO  o.s.b.w.e.tomcat.GracefulShutdown - Commencing graceful shutdown. Waiting for active requests to complete
2025-07-14 08:51:10 [tomcat-shutdown] INFO  o.s.b.w.e.tomcat.GracefulShutdown - Graceful shutdown complete
